Base path: 'C:/Users/Aavin/Documents/UNITY(editors)/2019.3.7f1/Editor/Data', plugins path 'C:/Users/Aavin/Documents/UNITY(editors)/2019.3.7f1/Editor/Data/PlaybackEngines'
Cmd: initializeCompiler
Cmd: compileComputeKernel
  api=4 insize=21138 outsize=27110 ok=1
Cmd: compileComputeKernel
  api=4 insize=8630 outsize=5193 ok=1
Cmd: compileComputeKernel
  api=4 insize=1372 outsize=666 ok=1
Cmd: compileComputeKernel
  api=4 insize=10868 outsize=4192 ok=1
Cmd: compileComputeKernel
  api=4 insize=40246 outsize=34078 ok=1
Cmd: compileComputeKernel
  api=4 insize=1113 outsize=687 ok=1
Cmd: compileComputeKernel
  api=4 insize=9134 outsize=7844 ok=1
Cmd: compileComputeKernel
  api=4 insize=5056 outsize=2055 ok=1
Cmd: compileComputeKernel
  api=4 insize=15784 outsize=33135 ok=1
Cmd: compileComputeKernel
  api=4 insize=15784 outsize=48950 ok=1
Cmd: compileComputeKernel
  api=4 insize=15784 outsize=38923 ok=1
Cmd: compileComputeKernel
  api=4 insize=3916 outsize=1613 ok=1
Cmd: compileComputeKernel
  api=4 insize=13940 outsize=4058 ok=1
Cmd: compileSnippet
  api=4 type=0 insize=7392 outsize=810 kw= pd=UNITY_ENABLE_REFLECTION_BUFFERS UNITY_USE_DITHER_MASK_FOR_ALPHABLENDED_SHADOWS UNITY_PBS_USE_BRDF1 UNITY_SPECCUBE_BOX_PROJECTION UNITY_SPECCUBE_BLENDING UNITY_ENABLE_DETAIL_NORMALMAP SHADER_API_DESKTOP UNITY_LIGHT_PROBE_PROXY_VOLUME UNITY_LIGHTMAP_FULL_HDR ok=1
Unhandled exception: Protocol error - unexpected end of data (did the Editor crash?)

Quitting shader compiler process
