Base path: 'C:/Users/Aavin/Documents/UNITY(editors)/2019.3.7f1/Editor/Data', plugins path 'C:/Users/Aavin/Documents/UNITY(editors)/2019.3.7f1/Editor/Data/PlaybackEngines'
Cmd: initializeCompiler
Cmd: compileComputeKernel
  api=4 insize=4528 outsize=2864 ok=1
Cmd: compileComputeKernel
  api=4 insize=5899 outsize=5733 ok=1
Cmd: compileComputeKernel
  api=4 insize=10868 outsize=880 ok=1
Cmd: compileComputeKernel
  api=4 insize=40246 outsize=38577 ok=1
Cmd: compileComputeKernel
  api=4 insize=22295 outsize=14720 ok=1
Cmd: compileComputeKernel
  api=4 insize=7841 outsize=7901 ok=1
Cmd: compileComputeKernel
  api=4 insize=5168 outsize=1174 ok=1
Cmd: compileComputeKernel
  api=4 insize=26542 outsize=15879 ok=1
Cmd: compileComputeKernel
  api=4 insize=15784 outsize=15310 ok=1
Cmd: compileComputeKernel
  api=4 insize=15784 outsize=45543 ok=1
Cmd: compileComputeKernel
  api=4 insize=15784 outsize=39203 ok=1
Cmd: compileComputeKernel
  api=4 insize=15784 outsize=51303 ok=1
Cmd: compileComputeKernel
  api=4 insize=26999 outsize=6006 ok=1
Cmd: compileComputeKernel
  api=4 insize=7589 outsize=6586 ok=1
Cmd: compileSnippet
  api=4 type=1 insize=3240 outsize=2022 kw= pd=UNITY_ENABLE_REFLECTION_BUFFERS UNITY_USE_DITHER_MASK_FOR_ALPHABLENDED_SHADOWS UNITY_PBS_USE_BRDF1 UNITY_SPECCUBE_BOX_PROJECTION UNITY_SPECCUBE_BLENDING UNITY_ENABLE_DETAIL_NORMALMAP SHADER_API_DESKTOP UNITY_LIGHT_PROBE_PROXY_VOLUME UNITY_LIGHTMAP_FULL_HDR ok=1
Unhandled exception: Protocol error - unexpected end of data (did the Editor crash?)

Quitting shader compiler process
